<?xml version="1.0" encoding="UTF-8"?>
<testng-results ignored="0" total="1" passed="1" failed="0" skipped="0">
  <reporter-output>
  </reporter-output>
  <suite started-at="2022-01-19T03:48:17 EET" name="Suite" finished-at="2022-01-19T03:48:42 EET" duration-ms="25684">
    <groups>
    </groups>
    <test started-at="2022-01-19T03:48:17 EET" name="Test" finished-at="2022-01-19T03:48:42 EET" duration-ms="25684">
      <class name="testMap.TestMap">
        <test-method is-config="true" signature="setup()[pri:0, instance:testMap.TestMap@3059cbc]" started-at="2022-01-19T03:48:17 EET" name="setup" finished-at="2022-01-19T03:48:21 EET" duration-ms="4300" status="PASS">
          <reporter-output>
          </reporter-output>
        </test-method> <!-- setup -->
        <test-method signature="Clear()[pri:0, instance:testMap.TestMap@3059cbc]" started-at="2022-01-19T03:48:21 EET" name="Clear" finished-at="2022-01-19T03:48:42 EET" duration-ms="21276" status="PASS">
          <reporter-output>
          </reporter-output>
        </test-method> <!-- Clear -->
        <test-method is-config="true" signature="TearDown()[pri:0, instance:testMap.TestMap@3059cbc]" started-at="2022-01-19T03:48:42 EET" name="TearDown" finished-at="2022-01-19T03:48:42 EET" duration-ms="47" status="PASS">
          <reporter-output>
          </reporter-output>
        </test-method> <!-- TearDown -->
      </class> <!-- testMap.TestMap -->
    </test> <!-- Test -->
  </suite> <!-- Suite -->
</testng-results>
